<?xml version="1.0" encoding="UTF-8"?>
<testsuite xmlns:xsi="http://www.w3.org/2001/XMLSchema-instance" xsi:noNamespaceSchemaLocation="https://maven.apache.org/surefire/maven-surefire-plugin/xsd/surefire-test-report.xsd" version="3.0.2" name="com.gamehub.repository.PersistenceModelTests" time="0.953" tests="2" errors="0" skipped="0" failures="0">
  <properties>
[...]
</properties>
  <testcase name="persistsThePhaseOneModelAndRelationships" classname="com.gamehub.repository.PersistenceModelTests" time="0.359">
    <system-out><![CDATA[2026-08-16T00:43:03.834-03:00  INFO 13496 --- [gamehub-backend] [           main] t.c.s.AnnotationConfigContextLoaderUtils : Could not detect default configuration classes for test class [com.gamehub.repository.PersistenceModelTests]: PersistenceModelTests does not declare any static, non-private, non-final, nested classes annotated with @Configuration.
2026-08-16T00:43:03.928-03:00  INFO 13496 --- [gamehub-backend] [           main] .b.t.c.SpringBootTestContextBootstrapper : Found @SpringBootConfiguration com.gamehub.GameHubApplication for test class com.gamehub.repository.PersistenceModelTests

  .   ____          _            __ _ _
 /\\ / ___'_ __ _ _(_)_ __  __ _ \ \ \ \
( ( )\___ | '_ | '_| | '_ \/ _` | \ \ \ \
 \\/  ___)| |_)| | | | | || (_| |  ) ) ) )
  '  |____| .__|_| |_|_| |_\__, | / / / /
 =========|_|==============|___/=/_/_/_/

 :: Spring Boot ::                (v3.5.4)

2026-08-16T00:43:03.966-03:00  INFO 13496 --- [gamehub-backend] [           main] c.g.repository.PersistenceModelTests     : Starting PersistenceModelTests using Java 25.0.1 with PID 13496 (started by rocky in C:\Users\rocky\Desktop\Proyectos\GamesHub\backend)
2026-08-16T00:43:03.967-03:00  INFO 13496 --- [gamehub-backend] [           main] c.g.repository.PersistenceModelTests     : No active profile set, falling back to 1 default profile: "default"
2026-08-16T00:43:04.112-03:00  INFO 13496 --- [gamehub-backend] [           main] .s.d.r.c.RepositoryConfigurationDelegate : Bootstrapping Spring Data JPA repositories in DEFAULT mode.
2026-08-16T00:43:04.133-03:00  INFO 13496 --- [gamehub-backend] [           main] .s.d.r.c.RepositoryConfigurationDelegate : Finished Spring Data repository scanning in 19 ms. Found 4 JPA repository interfaces.
2026-08-16T00:43:04.150-03:00  INFO 13496 --- [gamehub-backend] [           main] beddedDataSourceBeanFactoryPostProcessor : Replacing 'dataSource' DataSource bean with embedded version
2026-08-16T00:43:04.175-03:00  INFO 13496 --- [gamehub-backend] [           main] o.s.j.d.e.EmbeddedDatabaseFactory        : Starting embedded database: url='jdbc:h2:mem:3acb3c22-62eb-43f5-aa21-6df91d93e494;DB_CLOSE_DELAY=-1;DB_CLOSE_ON_EXIT=false', username='sa'
2026-08-16T00:43:04.201-03:00  INFO 13496 --- [gamehub-backend] [           main] o.hibernate.jpa.internal.util.LogHelper  : HHH000204: Processing PersistenceUnitInfo [name: default]
2026-08-16T00:43:04.208-03:00  INFO 13496 --- [gamehub-backend] [           main] o.h.c.internal.RegionFactoryInitiator    : HHH000026: Second-level cache disabled
2026-08-16T00:43:04.220-03:00  INFO 13496 --- [gamehub-backend] [           main] o.s.o.j.p.SpringPersistenceUnitInfo      : No LoadTimeWeaver setup: ignoring JPA class transformer
2026-08-16T00:43:04.224-03:00  INFO 13496 --- [gamehub-backend] [           main] org.hibernate.orm.connections.pooling    : HHH10001005: Database info:
	Database JDBC URL [Connecting through datasource 'org.springframework.jdbc.datasource.embedded.EmbeddedDatabaseFactory$EmbeddedDataSourceProxy@66d62c59']
	Database driver: undefined/unknown
	Database version: 2.3.232
	Autocommit mode: undefined/unknown
	Isolation level: undefined/unknown
	Minimum pool size: undefined/unknown
	Maximum pool size: undefined/unknown
2026-08-16T00:43:04.308-03:00  INFO 13496 --- [gamehub-backend] [           main] o.h.e.t.j.p.i.JtaPlatformInitiator       : HHH000489: No JTA platform available (set 'hibernate.transaction.jta.platform' to enable JTA platform integration)
Hibernate: 
    create table comments (
        id bigint generated by default as identity,
        content varchar(2000) not null,
        created_at timestamp(6) with time zone not null,
        game_id bigint not null,
        user_id bigint not null,
        primary key (id)
    )
Hibernate: 
    create table favorites (
        id bigint generated by default as identity,
        created_at timestamp(6) with time zone not null,
        game_id bigint not null,
        user_id bigint not null,
        primary key (id)
    )
Hibernate: 
    create table games (
        id bigint generated by default as identity,
        description varchar(5000),
        developer varchar(200),
        external_id integer not null,
        game_url varchar(500),
        genre varchar(100),
        platform varchar(100),
        publisher varchar(200),
        thumbnail_url varchar(500),
        title varchar(200) not null,
        primary key (id)
    )
Hibernate: 
    create table users (
        id bigint generated by default as identity,
        created_at timestamp(6) with time zone not null,
        email varchar(120) not null,
        password_hash varchar(255) not null,
        username varchar(50) not null,
        primary key (id)
    )
Hibernate: 
    alter table if exists favorites 
       drop constraint if exists uk_favorite_user_game
Hibernate: 
    alter table if exists favorites 
       add constraint uk_favorite_user_game unique (user_id, game_id)
Hibernate: 
    alter table if exists games 
       drop constraint if exists UKsomvr6nnqddm3rtjgjaffiblw
Hibernate: 
    alter table if exists games 
       add constraint UKsomvr6nnqddm3rtjgjaffiblw unique (external_id)
Hibernate: 
    alter table if exists users 
       drop constraint if exists UK6dotkott2kjsp8vw4d0m25fb7
Hibernate: 
    alter table if exists users 
       add constraint UK6dotkott2kjsp8vw4d0m25fb7 unique (email)
Hibernate: 
    alter table if exists users 
       drop constraint if exists UKr43af9ap4edm43mmtq01oddj6
Hibernate: 
    alter table if exists users 
       add constraint UKr43af9ap4edm43mmtq01oddj6 unique (username)
Hibernate: 
    alter table if exists comments 
       add constraint FKil91r6w890hf52kmj1cviha2x 
       foreign key (game_id) 
       references games
Hibernate: 
    alter table if exists comments 
       add constraint FK8omq0tc18jd43bu5tjh6jvraq 
       foreign key (user_id) 
       references users
Hibernate: 
    alter table if exists favorites 
       add constraint FK8j0g46lnej0x50hgnr58h502v 
       foreign key (game_id) 
       references games
Hibernate: 
    alter table if exists favorites 
       add constraint FKk7du8b8ewipawnnpg76d55fus 
       foreign key (user_id) 
       references users
2026-08-16T00:43:04.321-03:00  INFO 13496 --- [gamehub-backend] [           main] j.LocalContainerEntityManagerFactoryBean : Initialized JPA EntityManagerFactory for persistence unit 'default'
2026-08-16T00:43:04.392-03:00  INFO 13496 --- [gamehub-backend] [           main] c.g.repository.PersistenceModelTests     : Started PersistenceModelTests in 0.459 seconds (process running for 8.244)
Hibernate: 
    insert 
    into
        users
        (created_at, email, password_hash, username, id) 
    values
        (?, ?, ?, ?, default)
Hibernate: 
    insert 
    into
        games
        (description, developer, external_id, game_url, genre, platform, publisher, thumbnail_url, title, id) 
    values
        (?, ?, ?, ?, ?, ?, ?, ?, ?, default)
Hibernate: 
    insert 
    into
        comments
        (content, created_at, game_id, user_id, id) 
    values
        (?, ?, ?, ?, default)
Hibernate: 
    insert 
    into
        favorites
        (created_at, game_id, user_id, id) 
    values
        (?, ?, ?, default)
Hibernate: 
    select
        c1_0.id,
        c1_0.content,
        c1_0.created_at,
        c1_0.game_id,
        c1_0.user_id,
        u1_0.id,
        u1_0.created_at,
        u1_0.email,
        u1_0.password_hash,
        u1_0.username 
    from
        comments c1_0 
    join
        games g1_0 
            on g1_0.id=c1_0.game_id 
    join
        users u1_0 
            on u1_0.id=c1_0.user_id 
    where
        g1_0.id=? 
    order by
        c1_0.created_at desc
Hibernate: 
    select
        f1_0.id 
    from
        favorites f1_0 
    join
        users u1_0 
            on u1_0.id=f1_0.user_id 
    join
        games g1_0 
            on g1_0.id=f1_0.game_id 
    where
        u1_0.id=? 
        and g1_0.id=? 
    fetch
        first ? rows only
]]></system-out>
  </testcase>
  <testcase name="rejectsDuplicateFavoritesForTheSameUserAndGame" classname="com.gamehub.repository.PersistenceModelTests" time="0.024">
    <system-out><![CDATA[Hibernate: 
    insert 
    into
        users
        (created_at, email, password_hash, username, id) 
    values
        (?, ?, ?, ?, default)
Hibernate: 
    insert 
    into
        games
        (description, developer, external_id, game_url, genre, platform, publisher, thumbnail_url, title, id) 
    values
        (?, ?, ?, ?, ?, ?, ?, ?, ?, default)
Hibernate: 
    insert 
    into
        favorites
        (created_at, game_id, user_id, id) 
    values
        (?, ?, ?, default)
Hibernate: 
    insert 
    into
        favorites
        (created_at, game_id, user_id, id) 
    values
        (?, ?, ?, default)
2026-08-16T00:43:04.771-03:00  WARN 13496 --- [gamehub-backend] [           main] o.h.engine.jdbc.spi.SqlExceptionHelper   : SQL Error: 23505, SQLState: 23505
2026-08-16T00:43:04.771-03:00 ERROR 13496 --- [gamehub-backend] [           main] o.h.engine.jdbc.spi.SqlExceptionHelper   : Violación de indice de Unicidad ó Clave primaria: "PUBLIC.UK_FAVORITE_USER_GAME_INDEX_3 ON PUBLIC.FAVORITES(USER_ID NULLS FIRST, GAME_ID NULLS FIRST) VALUES ( /* key:2 */ CAST(2 AS BIGINT), CAST(2 AS BIGINT))"
Unique index or primary key violation: "PUBLIC.UK_FAVORITE_USER_GAME_INDEX_3 ON PUBLIC.FAVORITES(USER_ID NULLS FIRST, GAME_ID NULLS FIRST) VALUES ( /* key:2 */ CAST(2 AS BIGINT), CAST(2 AS BIGINT))"; SQL statement:
insert into favorites (created_at,game_id,user_id,id) values (?,?,?,default) [23505-232]
]]></system-out>
  </testcase>
</testsuite>